<?xml version="1.0" encoding="UTF-8"?>
<robot generator="Robot 6.0.2 (Python 3.11.3 on win32)" generated="20230408 13:31:24.043" rpa="false" schemaversion="3">
<suite id="s1" name="Crm" source="C:\Users\parad\Desktop\Robot_CRM\tests\crm.robot">
<test id="s1-t1" name="Should be able to add new customer" line="11">
<kw name="Log" library="BuiltIn">
<arg>Starting the test cas</arg>
<doc>Logs the given message with the given level.</doc>
<msg timestamp="20230408 13:31:24.238" level="INFO">Starting the test cas</msg>
<status status="PASS" starttime="20230408 13:31:24.238" endtime="20230408 13:31:24.238"/>
</kw>
<kw name="Open Browser" library="SeleniumLibrary">
<arg>https://automationplayground.com/crm/</arg>
<arg>chrome</arg>
<doc>Opens a new browser instance to the optional ``url``.</doc>
<msg timestamp="20230408 13:31:24.239" level="INFO">Opening browser 'chrome' to base url 'https://automationplayground.com/crm/'.</msg>
<status status="PASS" starttime="20230408 13:31:24.239" endtime="20230408 13:31:26.141"/>
</kw>
<kw name="Set Window Position" library="SeleniumLibrary">
<arg>x=341</arg>
<arg>y=196</arg>
<doc>Sets window position using ``x`` and ``y`` coordinates.</doc>
<status status="PASS" starttime="20230408 13:31:26.142" endtime="20230408 13:31:26.262"/>
</kw>
<kw name="Set Window Size" library="SeleniumLibrary">
<arg>width = 1935</arg>
<arg>height=1090</arg>
<doc>Sets current windows size to given ``width`` and ``height``.</doc>
<msg timestamp="20230408 13:31:26.263" level="FAIL">ValueError: Argument 'width' got value 'width = 1935' that cannot be converted to integer.</msg>
<status status="FAIL" starttime="20230408 13:31:26.262" endtime="20230408 13:31:26.263"/>
</kw>
<kw name="Sleep" library="BuiltIn">
<arg>3s</arg>
<doc>Pauses the test executed for the given time.</doc>
<status status="NOT RUN" starttime="20230408 13:31:26.263" endtime="20230408 13:31:26.263"/>
</kw>
<kw name="Close Browser" library="SeleniumLibrary">
<doc>Closes the current browser.</doc>
<status status="NOT RUN" starttime="20230408 13:31:26.264" endtime="20230408 13:31:26.264"/>
</kw>
<doc>This is some basic info about the test</doc>
<tag>1006</tag>
<tag>Contacts</tag>
<tag>Smoke</tag>
<status status="FAIL" starttime="20230408 13:31:24.237" endtime="20230408 13:31:26.264">ValueError: Argument 'width' got value 'width = 1935' that cannot be converted to integer.</status>
</test>
<doc>This is some basic info</doc>
<status status="FAIL" starttime="20230408 13:31:24.044" endtime="20230408 13:31:26.266"/>
</suite>
<statistics>
<total>
<stat pass="0" fail="1" skip="0">All Tests</stat>
</total>
<tag>
<stat pass="0" fail="1" skip="0">1006</stat>
<stat pass="0" fail="1" skip="0">Contacts</stat>
<stat pass="0" fail="1" skip="0">Smoke</stat>
</tag>
<suite>
<stat pass="0" fail="1" skip="0" id="s1" name="Crm">Crm</stat>
</suite>
</statistics>
<errors>
</errors>
</robot>
